<?xml version="1.0" encoding="UTF-8"?>
<!-- Generated by org.testng.reporters.JUnitXMLReporter -->
<testsuite ignored="0" hostname="Ieshanies-Surface3" failures="0" tests="9" name="CRM App Test Cases" time="94.058" errors="0" timestamp="2024-05-02T23:30:43 AEST">
  <testcase classname="com.crm.qa.testcases.LoginPageTest" name="titleTest" time="0.032"/>
  <testcase classname="com.crm.qa.testcases.LoginPageTest" name="crmLogoImageTest" time="0.051"/>
  <testcase classname="com.crm.qa.testcases.LoginPageTest" name="loginTest" time="17.689"/>
  <testcase classname="com.crm.qa.testcases.HomePageTest" name="verifyHomePageTestTitle" time="0.028"/>
  <testcase classname="com.crm.qa.testcases.HomePageTest" name="verifyUserNameTest" time="0.154"/>
  <testcase classname="com.crm.qa.testcases.HomePageTest" name="verifyContactPageLink" time="2.869"/>
  <testcase classname="com.crm.qa.testcases.ContactPageTest" name="verifyContactLabel" time="0.092"/>
  <testcase classname="com.crm.qa.testcases.ContactPageTest" name="verifySelectContactList" time="0.282"/>
  <testcase classname="com.crm.qa.testcases.ContactPageTest" name="multipleCheckBoxSelect" time="0.512"/>
</testsuite> <!-- CRM App Test Cases -->
