<?xml version="1.0" encoding="UTF-8"?>
<!-- Generated by org.testng.reporters.JUnitXMLReporter -->
<testsuite ignored="0" hostname="Ieshanies-Surface3" failures="0" tests="6" name="Default test" time="43.462" errors="0" timestamp="2024-05-03T13:52:02 AEST">
  <testcase classname="com.crm.qa.testcases.ContactPageTest" name="verifyContactLabel" time="0.056"/>
  <testcase classname="com.crm.qa.testcases.ContactPageTest" name="verifySelectContactList" time="0.168"/>
  <testcase classname="com.crm.qa.testcases.ContactPageTest" name="multipleCheckBoxSelect" time="0.357"/>
  <testcase classname="com.crm.qa.testcases.ContactPageTest" name="verifyCreateContact" time="6.493"/>
  <testcase classname="com.crm.qa.testcases.ContactPageTest" name="verifyCreateContact" time="5.444"/>
  <testcase classname="com.crm.qa.testcases.ContactPageTest" name="verifyCreateContact" time="5.428"/>
</testsuite> <!-- Default test -->
